<?xml version="1.0" encoding="UTF-8"?>
<testsuite xmlns:xsi="http://www.w3.org/2001/XMLSchema-instance" xsi:noNamespaceSchemaLocation="https://maven.apache.org/surefire/maven-surefire-plugin/xsd/surefire-test-report-3.0.xsd" version="3.0" name="com.epam.training.ticketservice.ui.command.AccountCommandTest" time="7.469" tests="7" errors="0" skipped="0" failures="0">
  <properties>
[...]
</properties>
  <testcase name="testDescribeAccountShouldDescribeAccountWhenSignedIn" classname="com.epam.training.ticketservice.ui.command.AccountCommandTest" time="0.375">
    <system-out><![CDATA[02:52:40.662 [main] DEBUG org.springframework.test.context.BootstrapUtils - Instantiating CacheAwareContextLoaderDelegate from class [org.springframework.test.context.cache.DefaultCacheAwareContextLoaderDelegate]
02:52:40.678 [main] DEBUG org.springframework.test.context.BootstrapUtils - Instantiating BootstrapContext using constructor [public org.springframework.test.context.support.DefaultBootstrapContext(java.lang.Class,org.springframework.test.context.CacheAwareContextLoaderDelegate)]
02:52:40.772 [main] DEBUG org.springframework.test.context.BootstrapUtils - Instantiating TestContextBootstrapper for test class [com.epam.training.ticketservice.ui.command.AccountCommandTest] from class [org.springframework.boot.test.context.SpringBootTestContextBootstrapper]
02:52:40.787 [main] INFO org.springframework.boot.test.context.SpringBootTestContextBootstrapper - Neither @ContextConfiguration nor @ContextHierarchy found for test class [com.epam.training.ticketservice.ui.command.AccountCommandTest], using SpringBootContextLoader
02:52:40.803 [main] DEBUG org.springframework.test.context.support.AbstractContextLoader - Did not detect default resource location for test class [com.epam.training.ticketservice.ui.command.AccountCommandTest]: class path resource [com/epam/training/ticketservice/ui/command/AccountCommandTest-context.xml] does not exist
02:52:40.803 [main] DEBUG org.springframework.test.context.support.AbstractContextLoader - Did not detect default resource location for test class [com.epam.training.ticketservice.ui.command.AccountCommandTest]: class path resource [com/epam/training/ticketservice/ui/command/AccountCommandTestContext.groovy] does not exist
02:52:40.803 [main] INFO org.springframework.test.context.support.AbstractContextLoader - Could not detect default resource locations for test class [com.epam.training.ticketservice.ui.command.AccountCommandTest]: no resource found for suffixes {-context.xml, Context.groovy}.
02:52:40.803 [main] INFO org.springframework.test.context.support.AnnotationConfigContextLoaderUtils - Could not detect default configuration classes for test class [com.epam.training.ticketservice.ui.command.AccountCommandTest]: AccountCommandTest does not declare any static, non-private, non-final, nested classes annotated with @Configuration.
02:52:40.881 [main] DEBUG org.springframework.test.context.support.ActiveProfilesUtils - Could not find an 'annotation declaring class' for annotation type [org.springframework.test.context.ActiveProfiles] and class [com.epam.training.ticketservice.ui.command.AccountCommandTest]
02:52:41.037 [main] DEBUG org.springframework.context.annotation.ClassPathScanningCandidateComponentProvider - Identified candidate component class: file [D:\EPAM\epam-deik-java-dev\final\ticket-service\target\classes\com\epam\training\ticketservice\Application.class]
02:52:41.037 [main] INFO org.springframework.boot.test.context.SpringBootTestContextBootstrapper - Found @SpringBootConfiguration com.epam.training.ticketservice.Application for test class com.epam.training.ticketservice.ui.command.AccountCommandTest
02:52:41.256 [main] DEBUG org.springframework.boot.test.context.SpringBootTestContextBootstrapper - @TestExecutionListeners is not present for class [com.epam.training.ticketservice.ui.command.AccountCommandTest]: using defaults.
02:52:41.256 [main] INFO org.springframework.boot.test.context.SpringBootTestContextBootstrapper - Loaded default TestExecutionListener class names from location [META-INF/spring.factories]: [org.springframework.boot.test.mock.mockito.MockitoTestExecutionListener, org.springframework.boot.test.mock.mockito.ResetMocksTestExecutionListener, org.springframework.boot.test.autoconfigure.restdocs.RestDocsTestExecutionListener, org.springframework.boot.test.autoconfigure.web.client.MockRestServiceServerResetTestExecutionListener, org.springframework.boot.test.autoconfigure.web.servlet.MockMvcPrintOnlyOnFailureTestExecutionListener, org.springframework.boot.test.autoconfigure.web.servlet.WebDriverTestExecutionListener, org.springframework.boot.test.autoconfigure.webservices.client.MockWebServiceServerTestExecutionListener, org.springframework.test.context.web.ServletTestExecutionListener, org.springframework.test.context.support.DirtiesContextBeforeModesTestExecutionListener, org.springframework.test.context.event.ApplicationEventsTestExecutionListener, org.springframework.test.context.support.DependencyInjectionTestExecutionListener, org.springframework.test.context.support.DirtiesContextTestExecutionListener, org.springframework.test.context.transaction.TransactionalTestExecutionListener, org.springframework.test.context.jdbc.SqlScriptsTestExecutionListener, org.springframework.test.context.event.EventPublishingTestExecutionListener]
02:52:41.272 [main] DEBUG org.springframework.boot.test.context.SpringBootTestContextBootstrapper - Skipping candidate TestExecutionListener [org.springframework.test.context.web.ServletTestExecutionListener] due to a missing dependency. Specify custom listener classes or make the default listener classes and their required dependencies available. Offending class: [javax/servlet/ServletContext]
02:52:41.287 [main] INFO org.springframework.boot.test.context.SpringBootTestContextBootstrapper - Using TestExecutionListeners: [org.springframework.test.context.support.DirtiesContextBeforeModesTestExecutionListener@1227ea21, org.springframework.test.context.event.ApplicationEventsTestExecutionListener@511ba9c9, org.springframework.boot.test.mock.mockito.MockitoTestExecutionListener@3debeb5e, org.springframework.boot.test.autoconfigure.SpringBootDependencyInjectionTestExecutionListener@5297030e, org.springframework.test.context.support.DirtiesContextTestExecutionListener@7fcc8d9f, org.springframework.test.context.transaction.TransactionalTestExecutionListener@7315264e, org.springframework.test.context.jdbc.SqlScriptsTestExecutionListener@11c68269, org.springframework.test.context.event.EventPublishingTestExecutionListener@7b237c2c, org.springframework.boot.test.mock.mockito.ResetMocksTestExecutionListener@6018a6a2, org.springframework.boot.test.autoconfigure.restdocs.RestDocsTestExecutionListener@3ae5cbb9, org.springframework.boot.test.autoconfigure.web.client.MockRestServiceServerResetTestExecutionListener@1f15d346, org.springframework.boot.test.autoconfigure.web.servlet.MockMvcPrintOnlyOnFailureTestExecutionListener@7fb70e94, org.springframework.boot.test.autoconfigure.web.servlet.WebDriverTestExecutionListener@5abf9a76, org.springframework.boot.test.autoconfigure.webservices.client.MockWebServiceServerTestExecutionListener@4e132a9b]
02:52:41.303 [main] DEBUG org.springframework.test.context.support.AbstractDirtiesContextTestExecutionListener - Before test class: context [DefaultTestContext@593d5f39 testClass = AccountCommandTest, testInstance = [null], testMethod = [null], testException = [null], mergedContextConfiguration = [MergedContextConfiguration@5e537465 testClass = AccountCommandTest, locations = '{}', classes = '{class com.epam.training.ticketservice.Application}', contextInitializerClasses = '[]', activeProfiles = '{}', propertySourceLocations = '{}', propertySourceProperties = '{spring.shell.interactive.enabled=false, org.springframework.boot.test.context.SpringBootTestContextBootstrapper=true}', contextCustomizers = set[org.springframework.boot.test.context.filter.ExcludeFilterContextCustomizer@68a97fc1, org.springframework.boot.test.json.DuplicateJsonObjectContextCustomizerFactory$DuplicateJsonObjectContextCustomizer@64f49b3, org.springframework.boot.test.mock.mockito.MockitoContextCustomizer@0, org.springframework.boot.test.web.client.TestRestTemplateContextCustomizer@6bec566e, org.springframework.boot.test.autoconfigure.actuate.metrics.MetricsExportContextCustomizerFactory$DisableMetricExportContextCustomizer@6ac4f31d, org.springframework.boot.test.autoconfigure.properties.PropertyMappingContextCustomizer@0, org.springframework.boot.test.autoconfigure.web.servlet.WebDriverContextCustomizerFactory$Customizer@1c09bb7a, org.springframework.boot.test.context.SpringBootTestArgs@1, org.springframework.boot.test.context.SpringBootTestWebEnvironment@1b812421], contextLoader = 'org.springframework.boot.test.context.SpringBootContextLoader', parent = [null]], attributes = map[[empty]]], class annotated with @DirtiesContext [false] with mode [null].
02:52:41.319 [main] DEBUG org.springframework.test.context.support.DependencyInjectionTestExecutionListener - Performing dependency injection for test context [[DefaultTestContext@593d5f39 testClass = AccountCommandTest, testInstance = com.epam.training.ticketservice.ui.command.AccountCommandTest@77b7a4b2, testMethod = [null], testException = [null], mergedContextConfiguration = [MergedContextConfiguration@5e537465 testClass = AccountCommandTest, locations = '{}', classes = '{class com.epam.training.ticketservice.Application}', contextInitializerClasses = '[]', activeProfiles = '{}', propertySourceLocations = '{}', propertySourceProperties = '{spring.shell.interactive.enabled=false, org.springframework.boot.test.context.SpringBootTestContextBootstrapper=true}', contextCustomizers = set[org.springframework.boot.test.context.filter.ExcludeFilterContextCustomizer@68a97fc1, org.springframework.boot.test.json.DuplicateJsonObjectContextCustomizerFactory$DuplicateJsonObjectContextCustomizer@64f49b3, org.springframework.boot.test.mock.mockito.MockitoContextCustomizer@0, org.springframework.boot.test.web.client.TestRestTemplateContextCustomizer@6bec566e, org.springframework.boot.test.autoconfigure.actuate.metrics.MetricsExportContextCustomizerFactory$DisableMetricExportContextCustomizer@6ac4f31d, org.springframework.boot.test.autoconfigure.properties.PropertyMappingContextCustomizer@0, org.springframework.boot.test.autoconfigure.web.servlet.WebDriverContextCustomizerFactory$Customizer@1c09bb7a, org.springframework.boot.test.context.SpringBootTestArgs@1, org.springframework.boot.test.context.SpringBootTestWebEnvironment@1b812421], contextLoader = 'org.springframework.boot.test.context.SpringBootContextLoader', parent = [null]], attributes = map['org.springframework.test.context.event.ApplicationEventsTestExecutionListener.recordApplicationEvents' -> false]]].

  .   ____          _            __ _ _
 /\\ / ___'_ __ _ _(_)_ __  __ _ \ \ \ \
( ( )\___ | '_ | '_| | '_ \/ _` | \ \ \ \
 \\/  ___)| |_)| | | | | || (_| |  ) ) ) )
  '  |____| .__|_| |_|_| |_\__, | / / / /
 =========|_|==============|___/=/_/_/_/
 :: Spring Boot ::                (v2.7.5)

2022-12-03 02:52:41.866  INFO 6348 --- [           main] c.e.t.t.ui.command.AccountCommandTest    : Starting AccountCommandTest using Java 11.0.9 on DESKTOP-GKGB113 with PID 6348 (started by erhar in D:\EPAM\epam-deik-java-dev\final\ticket-service)
2022-12-03 02:52:41.881  INFO 6348 --- [           main] c.e.t.t.ui.command.AccountCommandTest    : No active profile set, falling back to 1 default profile: "default"
2022-12-03 02:52:42.772  INFO 6348 --- [           main] .s.d.r.c.RepositoryConfigurationDelegate : Bootstrapping Spring Data JPA repositories in DEFAULT mode.
2022-12-03 02:52:42.866  INFO 6348 --- [           main] .s.d.r.c.RepositoryConfigurationDelegate : Finished Spring Data repository scanning in 78 ms. Found 2 JPA repository interfaces.
2022-12-03 02:52:43.709  INFO 6348 --- [           main] com.zaxxer.hikari.HikariDataSource       : HikariPool-1 - Starting...
2022-12-03 02:52:44.272  INFO 6348 --- [           main] com.zaxxer.hikari.HikariDataSource       : HikariPool-1 - Start completed.
2022-12-03 02:52:44.397  INFO 6348 --- [           main] o.hibernate.jpa.internal.util.LogHelper  : HHH000204: Processing PersistenceUnitInfo [name: default]
2022-12-03 02:52:44.506  INFO 6348 --- [           main] org.hibernate.Version                    : HHH000412: Hibernate ORM core version 5.6.12.Final
2022-12-03 02:52:44.584  INFO 6348 --- [           main] o.hibernate.annotations.common.Version   : HCANN000001: Hibernate Commons Annotations {5.1.2.Final}
2022-12-03 02:52:45.131  INFO 6348 --- [           main] org.hibernate.dialect.Dialect            : HHH000400: Using dialect: org.hibernate.dialect.H2Dialect
2022-12-03 02:52:45.975  INFO 6348 --- [           main] o.h.e.t.j.p.i.JtaPlatformInitiator       : HHH000490: Using JtaPlatform implementation: [org.hibernate.engine.transaction.jta.platform.internal.NoJtaPlatform]
2022-12-03 02:52:45.991  INFO 6348 --- [           main] j.LocalContainerEntityManagerFactoryBean : Initialized JPA EntityManagerFactory for persistence unit 'default'
2022-12-03 02:52:47.053  WARN 6348 --- [           main] org.jline                                : Unable to create a system terminal, creating a dumb terminal (enable debug logging for more information)
2022-12-03 02:52:47.397  WARN 6348 --- [           main] org.jline                                : The Parser of class org.springframework.shell.jline.ExtendedDefaultParser does not support the CompletingParsedLine interface. Completion with escaped or quoted words won't work correctly.
2022-12-03 02:52:47.569  INFO 6348 --- [           main] c.e.t.t.ui.command.AccountCommandTest    : Started AccountCommandTest in 6.188 seconds (JVM running for 9.684)
]]></system-out>
  </testcase>
  <testcase name="testSignOutShouldSetSignedInAccountToEmptyOptional" classname="com.epam.training.ticketservice.ui.command.AccountCommandTest" time="0.015"/>
  <testcase name="testGetSignedInAccountShouldReturnEmptyOptionWhenNotSignedIn" classname="com.epam.training.ticketservice.ui.command.AccountCommandTest" time="0"/>
  <testcase name="testSignInPrivilegedShouldSetSignedInAccountWhenUsernameAndPasswordAreCorrect" classname="com.epam.training.ticketservice.ui.command.AccountCommandTest" time="0.016"/>
  <testcase name="testSignInPrivilegedShouldNotSetSignedInAccountWhenUsernameAndPasswordAreNotCorrect" classname="com.epam.training.ticketservice.ui.command.AccountCommandTest" time="0.016"/>
  <testcase name="testGetSignedInAccountShouldNotReturnEmptyOptionWhenSignedIn" classname="com.epam.training.ticketservice.ui.command.AccountCommandTest" time="0"/>
  <testcase name="testDescribeAccountShouldNotDescribeAccountWhenSignedOut" classname="com.epam.training.ticketservice.ui.command.AccountCommandTest" time="0"/>
</testsuite>